<?xml version="1.0" encoding="UTF-8"?>
<robot generator="Robot 3.2.1 (Python 3.8.5 on win32)" generated="20200825 11:08:23.242" rpa="false">
<suite id="s1" name="Projet BO" source="D:\IT\Formation ROBOT\Projet\Projet BO">
<suite id="s1-s1" name="IHM" source="D:\IT\Formation ROBOT\Projet\Projet BO\IHM">
<suite id="s1-s1-s1" name="Google" source="D:\IT\Formation ROBOT\Projet\Projet BO\IHM\Google">
<suite id="s1-s1-s1-s1" name="IHMGo" source="D:\IT\Formation ROBOT\Projet\Projet BO\IHM\Google\IHMGo.robot">
<test id="s1-s1-s1-s1-t1" name="Valid Recherche">
<kw name="Open Browser To recherche Page">
<kw name="Open Browser" library="SeleniumLibrary">
<doc>Opens a new browser instance to the optional ``url``.</doc>
<arguments>
<arg>${LOGIN URL}</arg>
<arg>${BROWSER}</arg>
</arguments>
<msg timestamp="20200825 11:08:24.941" level="INFO">Opening browser 'Chrome' to base url 'https://www.google.com/'.</msg>
<status status="PASS" starttime="20200825 11:08:24.941" endtime="20200825 11:08:29.771"></status>
</kw>
<status status="PASS" starttime="20200825 11:08:24.940" endtime="20200825 11:08:29.772"></status>
</kw>
<kw name="Input Zonederecherche">
<arguments>
<arg>IT4ALL</arg>
</arguments>
<kw name="Input Text" library="SeleniumLibrary">
<doc>Types the given ``text`` into the text field identified by ``locator``.</doc>
<arguments>
<arg>//*[@id="tsf"]/div[2]/div[1]/div[1]/div/div[2]/input</arg>
<arg>${username}</arg>
</arguments>
<msg timestamp="20200825 11:08:29.774" level="INFO">Typing text 'IT4ALL' into text field '//*[@id="tsf"]/div[2]/div[1]/div[1]/div/div[2]/input'.</msg>
<status status="PASS" starttime="20200825 11:08:29.773" endtime="20200825 11:08:29.872"></status>
</kw>
<status status="PASS" starttime="20200825 11:08:29.772" endtime="20200825 11:08:29.872"></status>
</kw>
<kw name="Submit Credentials">
<kw name="Submit Form" library="SeleniumLibrary">
<doc>Submits a form identified by ``locator``.</doc>
<msg timestamp="20200825 11:08:29.873" level="INFO">Submitting form 'None'.</msg>
<status status="PASS" starttime="20200825 11:08:29.873" endtime="20200825 11:08:30.988"></status>
</kw>
<status status="PASS" starttime="20200825 11:08:29.872" endtime="20200825 11:08:30.989"></status>
</kw>
<status status="PASS" starttime="20200825 11:08:24.940" endtime="20200825 11:08:30.989" critical="yes"></status>
</test>
<status status="PASS" starttime="20200825 11:08:23.440" endtime="20200825 11:08:30.991"></status>
</suite>
<status status="PASS" starttime="20200825 11:08:23.438" endtime="20200825 11:08:30.996"></status>
</suite>
<status status="PASS" starttime="20200825 11:08:23.434" endtime="20200825 11:08:30.999"></status>
</suite>
<status status="PASS" starttime="20200825 11:08:23.381" endtime="20200825 11:08:31.001"></status>
</suite>
<statistics>
<total>
<stat pass="1" fail="0">Critical Tests</stat>
<stat pass="1" fail="0">All Tests</stat>
</total>
<tag>
</tag>
<suite>
<stat pass="1" fail="0" id="s1" name="Projet BO">Projet BO</stat>
<stat pass="1" fail="0" id="s1-s1" name="IHM">Projet BO.IHM</stat>
<stat pass="1" fail="0" id="s1-s1-s1" name="Google">Projet BO.IHM.Google</stat>
<stat pass="1" fail="0" id="s1-s1-s1-s1" name="IHMGo">Projet BO.IHM.Google.IHMGo</stat>
</suite>
</statistics>
<errors>
</errors>
</robot>
